Determining if the pthread_create exist failed with the following output:
Change Dir: /home/m/ws/src/camera_laser_calibration/cmake-build-debug/CMakeFiles/CMakeTmp

Run Build Command:"/usr/bin/make" "cmTC_2be45/fast"
/usr/bin/make -f CMakeFiles/cmTC_2be45.dir/build.make CMakeFiles/cmTC_2be45.dir/build
make[1]: Entering directory '/home/m/ws/src/camera_laser_calibration/cmake-build-debug/CMakeFiles/CMakeTmp'
Building C object CMakeFiles/cmTC_2be45.dir/CheckSymbolExists.c.o
/usr/bin/cc    -o CMakeFiles/cmTC_2be45.dir/CheckSymbolExists.c.o   -c /home/m/ws/src/camera_laser_calibration/cmake-build-debug/CMakeFiles/CMakeTmp/CheckSymbolExists.c
Linking C executable cmTC_2be45
/home/m/Downloads/clion-2018.1.2/bin/cmake/bin/cmake -E cmake_link_script CMakeFiles/cmTC_2be45.dir/link.txt --verbose=1
/usr/bin/cc      -rdynamic CMakeFiles/cmTC_2be45.dir/CheckSymbolExists.c.o  -o cmTC_2be45 
CMakeFiles/cmTC_2be45.dir/CheckSymbolExists.c.o: In function `main':
CheckSymbolExists.c:(.text+0x16): undefined reference to `pthread_create'
collect2: error: ld returned 1 exit status
CMakeFiles/cmTC_2be45.dir/build.make:97: recipe for target 'cmTC_2be45' failed
make[1]: *** [cmTC_2be45] Error 1
make[1]: Leaving directory '/home/m/ws/src/camera_laser_calibration/cmake-build-debug/CMakeFiles/CMakeTmp'
Makefile:126: recipe for target 'cmTC_2be45/fast' failed
make: *** [cmTC_2be45/fast] Error 2

File /home/m/ws/src/camera_laser_calibration/cmake-build-debug/CMakeFiles/CMakeTmp/CheckSymbolExists.c:
/* */
#include <pthread.h>

int main(int argc, char** argv)
{
  (void)argv;
#ifndef pthread_create
  return ((int*)(&pthread_create))[argc];
#else
  (void)argc;
  return 0;
#endif
}

Determining if the function pthread_create exists in the pthreads failed with the following output:
Change Dir: /home/m/ws/src/camera_laser_calibration/cmake-build-debug/CMakeFiles/CMakeTmp

Run Build Command:"/usr/bin/make" "cmTC_6a04c/fast"
/usr/bin/make -f CMakeFiles/cmTC_6a04c.dir/build.make CMakeFiles/cmTC_6a04c.dir/build
make[1]: Entering directory '/home/m/ws/src/camera_laser_calibration/cmake-build-debug/CMakeFiles/CMakeTmp'
Building C object CMakeFiles/cmTC_6a04c.dir/CheckFunctionExists.c.o
/usr/bin/cc   -DCHECK_FUNCTION_EXISTS=pthread_create   -o CMakeFiles/cmTC_6a04c.dir/CheckFunctionExists.c.o   -c /home/m/Downloads/clion-2018.1.2/bin/cmake/share/cmake-3.10/Modules/CheckFunctionExists.c
Linking C executable cmTC_6a04c
/home/m/Downloads/clion-2018.1.2/bin/cmake/bin/cmake -E cmake_link_script CMakeFiles/cmTC_6a04c.dir/link.txt --verbose=1
/usr/bin/cc  -DCHECK_FUNCTION_EXISTS=pthread_create    -rdynamic CMakeFiles/cmTC_6a04c.dir/CheckFunctionExists.c.o  -o cmTC_6a04c -lpthreads 
/usr/bin/ld: cannot find -lpthreads
collect2: error: ld returned 1 exit status
CMakeFiles/cmTC_6a04c.dir/build.make:97: recipe for target 'cmTC_6a04c' failed
make[1]: *** [cmTC_6a04c] Error 1
make[1]: Leaving directory '/home/m/ws/src/camera_laser_calibration/cmake-build-debug/CMakeFiles/CMakeTmp'
Makefile:126: recipe for target 'cmTC_6a04c/fast' failed
make: *** [cmTC_6a04c/fast] Error 2


